30-May-2017 20:29:13.290 INFO [main] org.apache.catalina.startup.VersionLoggerListener.log Server version:        Apache Tomcat/9.0.0.M21
30-May-2017 20:29:13.293 INFO [main] org.apache.catalina.startup.VersionLoggerListener.log Server built:          May 4 2017 22:42:36 UTC
30-May-2017 20:29:13.293 INFO [main] org.apache.catalina.startup.VersionLoggerListener.log Server number:         9.0.0.0
30-May-2017 20:29:13.293 INFO [main] org.apache.catalina.startup.VersionLoggerListener.log OS Name:               Mac OS X
30-May-2017 20:29:13.293 INFO [main] org.apache.catalina.startup.VersionLoggerListener.log OS Version:            10.10.4
30-May-2017 20:29:13.293 INFO [main] org.apache.catalina.startup.VersionLoggerListener.log Architecture:          x86_64
30-May-2017 20:29:13.293 INFO [main] org.apache.catalina.startup.VersionLoggerListener.log Java Home:             /Library/Java/JavaVirtualMachines/jdk1.8.0_131.jdk/Contents/Home/jre
30-May-2017 20:29:13.294 INFO [main] org.apache.catalina.startup.VersionLoggerListener.log JVM Version:           1.8.0_131-b11
30-May-2017 20:29:13.294 INFO [main] org.apache.catalina.startup.VersionLoggerListener.log JVM Vendor:            Oracle Corporation
30-May-2017 20:29:13.294 INFO [main] org.apache.catalina.startup.VersionLoggerListener.log CATALINA_BASE:         /Users/ivanfilho/Documents/unicamp/mc626/apache-tomcat-9
30-May-2017 20:29:13.294 INFO [main] org.apache.catalina.startup.VersionLoggerListener.log CATALINA_HOME:         /Users/ivanfilho/Documents/unicamp/mc626/apache-tomcat-9
30-May-2017 20:29:13.295 INFO [main] org.apache.catalina.startup.VersionLoggerListener.log Command line argument: -Djava.util.logging.config.file=/Users/ivanfilho/Documents/unicamp/mc626/apache-tomcat-9/conf/logging.properties
30-May-2017 20:29:13.295 INFO [main] org.apache.catalina.startup.VersionLoggerListener.log Command line argument: -Djava.util.logging.manager=org.apache.juli.ClassLoaderLogManager
30-May-2017 20:29:13.295 INFO [main] org.apache.catalina.startup.VersionLoggerListener.log Command line argument: -Djdk.tls.ephemeralDHKeySize=2048
30-May-2017 20:29:13.295 INFO [main] org.apache.catalina.startup.VersionLoggerListener.log Command line argument: -Djava.protocol.handler.pkgs=org.apache.catalina.webresources
30-May-2017 20:29:13.295 INFO [main] org.apache.catalina.startup.VersionLoggerListener.log Command line argument: -Dcatalina.base=/Users/ivanfilho/Documents/unicamp/mc626/apache-tomcat-9
30-May-2017 20:29:13.295 INFO [main] org.apache.catalina.startup.VersionLoggerListener.log Command line argument: -Dcatalina.home=/Users/ivanfilho/Documents/unicamp/mc626/apache-tomcat-9
30-May-2017 20:29:13.296 INFO [main] org.apache.catalina.startup.VersionLoggerListener.log Command line argument: -Djava.io.tmpdir=/Users/ivanfilho/Documents/unicamp/mc626/apache-tomcat-9/temp
30-May-2017 20:29:13.296 INFO [main] org.apache.catalina.core.AprLifecycleListener.lifecycleEvent The APR based Apache Tomcat Native library which allows optimal performance in production environments was not found on the java.library.path: [/Users/ivanfilho/Library/Java/Extensions:/Library/Java/Extensions:/Network/Library/Java/Extensions:/System/Library/Java/Extensions:/usr/lib/java:.]
30-May-2017 20:29:13.440 INFO [main] org.apache.coyote.AbstractProtocol.init Initializing ProtocolHandler ["http-nio-8080"]
30-May-2017 20:29:13.464 SEVERE [main] org.apache.catalina.util.LifecycleBase.handleSubClassException Failed to initialize component [Connector[HTTP/1.1-8080]]
 org.apache.catalina.LifecycleException: Protocol handler initialization failed
	at org.apache.catalina.connector.Connector.initInternal(Connector.java:935)
	at org.apache.catalina.util.LifecycleBase.init(LifecycleBase.java:136)
	at org.apache.catalina.core.StandardService.initInternal(StandardService.java:530)
	at org.apache.catalina.util.LifecycleBase.init(LifecycleBase.java:136)
	at org.apache.catalina.core.StandardServer.initInternal(StandardServer.java:875)
	at org.apache.catalina.util.LifecycleBase.init(LifecycleBase.java:136)
	at org.apache.catalina.startup.Catalina.load(Catalina.java:607)
	at org.apache.catalina.startup.Catalina.load(Catalina.java:630)
	at sun.reflect.NativeMethodAccessorImpl.invoke0(Native Method)
	at sun.reflect.NativeMethodAccessorImpl.invoke(NativeMethodAccessorImpl.java:62)
	at sun.reflect.DelegatingMethodAccessorImpl.invoke(DelegatingMethodAccessorImpl.java:43)
	at java.lang.reflect.Method.invoke(Method.java:498)
	at org.apache.catalina.startup.Bootstrap.load(Bootstrap.java:311)
	at org.apache.catalina.startup.Bootstrap.main(Bootstrap.java:494)
Caused by: java.net.BindException: Address already in use
	at sun.nio.ch.Net.bind0(Native Method)
	at sun.nio.ch.Net.bind(Net.java:433)
	at sun.nio.ch.Net.bind(Net.java:425)
	at sun.nio.ch.ServerSocketChannelImpl.bind(ServerSocketChannelImpl.java:223)
	at sun.nio.ch.ServerSocketAdaptor.bind(ServerSocketAdaptor.java:74)
	at org.apache.tomcat.util.net.NioEndpoint.bind(NioEndpoint.java:206)
	at org.apache.tomcat.util.net.AbstractEndpoint.init(AbstractEndpoint.java:950)
	at org.apache.coyote.AbstractProtocol.init(AbstractProtocol.java:573)
	at org.apache.coyote.http11.AbstractHttp11Protocol.init(AbstractHttp11Protocol.java:70)
	at org.apache.catalina.connector.Connector.initInternal(Connector.java:932)
	... 13 more

30-May-2017 20:29:13.466 INFO [main] org.apache.coyote.AbstractProtocol.init Initializing ProtocolHandler ["ajp-nio-8009"]
30-May-2017 20:29:13.468 SEVERE [main] org.apache.catalina.util.LifecycleBase.handleSubClassException Failed to initialize component [Connector[AJP/1.3-8009]]
 org.apache.catalina.LifecycleException: Protocol handler initialization failed
	at org.apache.catalina.connector.Connector.initInternal(Connector.java:935)
	at org.apache.catalina.util.LifecycleBase.init(LifecycleBase.java:136)
	at org.apache.catalina.core.StandardService.initInternal(StandardService.java:530)
	at org.apache.catalina.util.LifecycleBase.init(LifecycleBase.java:136)
	at org.apache.catalina.core.StandardServer.initInternal(StandardServer.java:875)
	at org.apache.catalina.util.LifecycleBase.init(LifecycleBase.java:136)
	at org.apache.catalina.startup.Catalina.load(Catalina.java:607)
	at org.apache.catalina.startup.Catalina.load(Catalina.java:630)
	at sun.reflect.NativeMethodAccessorImpl.invoke0(Native Method)
	at sun.reflect.NativeMethodAccessorImpl.invoke(NativeMethodAccessorImpl.java:62)
	at sun.reflect.DelegatingMethodAccessorImpl.invoke(DelegatingMethodAccessorImpl.java:43)
	at java.lang.reflect.Method.invoke(Method.java:498)
	at org.apache.catalina.startup.Bootstrap.load(Bootstrap.java:311)
	at org.apache.catalina.startup.Bootstrap.main(Bootstrap.java:494)
Caused by: java.net.BindException: Address already in use
	at sun.nio.ch.Net.bind0(Native Method)
	at sun.nio.ch.Net.bind(Net.java:433)
	at sun.nio.ch.Net.bind(Net.java:425)
	at sun.nio.ch.ServerSocketChannelImpl.bind(ServerSocketChannelImpl.java:223)
	at sun.nio.ch.ServerSocketAdaptor.bind(ServerSocketAdaptor.java:74)
	at org.apache.tomcat.util.net.NioEndpoint.bind(NioEndpoint.java:206)
	at org.apache.tomcat.util.net.AbstractEndpoint.init(AbstractEndpoint.java:950)
	at org.apache.coyote.AbstractProtocol.init(AbstractProtocol.java:573)
	at org.apache.catalina.connector.Connector.initInternal(Connector.java:932)
	... 13 more

30-May-2017 20:29:13.468 INFO [main] org.apache.catalina.startup.Catalina.load Initialization processed in 688 ms
30-May-2017 20:29:13.497 INFO [main] org.apache.catalina.core.StandardService.startInternal Starting service [Catalina]
30-May-2017 20:29:13.497 INFO [main] org.apache.catalina.core.StandardEngine.startInternal Starting Servlet Engine: Apache Tomcat/9.0.0.M21
30-May-2017 20:29:13.507 INFO [main] org.apache.catalina.startup.HostConfig.deployDirectory Deploying web application directory [/Users/ivanfilho/Documents/unicamp/mc626/apache-tomcat-9/webapps/docs]
30-May-2017 20:29:13.966 INFO [main] org.apache.catalina.startup.HostConfig.deployDirectory Deployment of web application directory [/Users/ivanfilho/Documents/unicamp/mc626/apache-tomcat-9/webapps/docs] has finished in [459] ms
30-May-2017 20:29:13.967 INFO [main] org.apache.catalina.startup.HostConfig.deployDirectory Deploying web application directory [/Users/ivanfilho/Documents/unicamp/mc626/apache-tomcat-9/webapps/examples]
30-May-2017 20:29:14.257 INFO [main] org.apache.catalina.startup.HostConfig.deployDirectory Deployment of web application directory [/Users/ivanfilho/Documents/unicamp/mc626/apache-tomcat-9/webapps/examples] has finished in [291] ms
30-May-2017 20:29:14.258 INFO [main] org.apache.catalina.startup.HostConfig.deployDirectory Deploying web application directory [/Users/ivanfilho/Documents/unicamp/mc626/apache-tomcat-9/webapps/host-manager]
30-May-2017 20:29:14.307 INFO [main] org.apache.catalina.startup.HostConfig.deployDirectory Deployment of web application directory [/Users/ivanfilho/Documents/unicamp/mc626/apache-tomcat-9/webapps/host-manager] has finished in [49] ms
30-May-2017 20:29:14.307 INFO [main] org.apache.catalina.startup.HostConfig.deployDirectory Deploying web application directory [/Users/ivanfilho/Documents/unicamp/mc626/apache-tomcat-9/webapps/jforum]
30-May-2017 20:29:15.792 INFO [main] org.apache.jasper.servlet.TldScanner.scanJars At least one JAR was scanned for TLDs yet contained no TLDs. Enable debug logging for this logger for a complete list of JARs that were scanned but no TLDs were found in them. Skipping unneeded JARs during scanning can improve startup time and JSP compilation time.
30-May-2017 20:29:15.824 INFO [main] org.apache.catalina.startup.HostConfig.deployDirectory Deployment of web application directory [/Users/ivanfilho/Documents/unicamp/mc626/apache-tomcat-9/webapps/jforum] has finished in [1,516] ms
30-May-2017 20:29:15.824 INFO [main] org.apache.catalina.startup.HostConfig.deployDirectory Deploying web application directory [/Users/ivanfilho/Documents/unicamp/mc626/apache-tomcat-9/webapps/manager]
30-May-2017 20:29:15.849 INFO [main] org.apache.catalina.startup.HostConfig.deployDirectory Deployment of web application directory [/Users/ivanfilho/Documents/unicamp/mc626/apache-tomcat-9/webapps/manager] has finished in [25] ms
30-May-2017 20:29:15.850 INFO [main] org.apache.catalina.startup.HostConfig.deployDirectory Deploying web application directory [/Users/ivanfilho/Documents/unicamp/mc626/apache-tomcat-9/webapps/ROOT]
30-May-2017 20:29:15.865 INFO [main] org.apache.catalina.startup.HostConfig.deployDirectory Deployment of web application directory [/Users/ivanfilho/Documents/unicamp/mc626/apache-tomcat-9/webapps/ROOT] has finished in [15] ms
30-May-2017 20:29:15.869 INFO [main] org.apache.catalina.startup.Catalina.start Server startup in 2400 ms
30-May-2017 20:29:15.873 SEVERE [main] org.apache.catalina.core.StandardServer.await StandardServer.await: create[localhost:8005]: 
 java.net.BindException: Address already in use (Bind failed)
	at java.net.PlainSocketImpl.socketBind(Native Method)
	at java.net.AbstractPlainSocketImpl.bind(AbstractPlainSocketImpl.java:387)
	at java.net.ServerSocket.bind(ServerSocket.java:375)
	at java.net.ServerSocket.<init>(ServerSocket.java:237)
	at org.apache.catalina.core.StandardServer.await(StandardServer.java:441)
	at org.apache.catalina.startup.Catalina.await(Catalina.java:744)
	at org.apache.catalina.startup.Catalina.start(Catalina.java:690)
	at sun.reflect.NativeMethodAccessorImpl.invoke0(Native Method)
	at sun.reflect.NativeMethodAccessorImpl.invoke(NativeMethodAccessorImpl.java:62)
	at sun.reflect.DelegatingMethodAccessorImpl.invoke(DelegatingMethodAccessorImpl.java:43)
	at java.lang.reflect.Method.invoke(Method.java:498)
	at org.apache.catalina.startup.Bootstrap.start(Bootstrap.java:355)
	at org.apache.catalina.startup.Bootstrap.main(Bootstrap.java:495)

30-May-2017 20:29:15.875 INFO [main] org.apache.coyote.AbstractProtocol.pause Pausing ProtocolHandler ["http-nio-8080"]
30-May-2017 20:29:15.877 INFO [main] org.apache.coyote.AbstractProtocol.pause Pausing ProtocolHandler ["ajp-nio-8009"]
30-May-2017 20:29:15.877 INFO [main] org.apache.catalina.core.StandardService.stopInternal Stopping service [Catalina]
30-May-2017 20:29:15.901 INFO [main] org.apache.coyote.AbstractProtocol.stop Stopping ProtocolHandler ["http-nio-8080"]
30-May-2017 20:29:15.902 INFO [main] org.apache.coyote.AbstractProtocol.destroy Destroying ProtocolHandler ["http-nio-8080"]
30-May-2017 20:29:15.902 INFO [main] org.apache.coyote.AbstractProtocol.stop Stopping ProtocolHandler ["ajp-nio-8009"]
30-May-2017 20:29:15.902 INFO [main] org.apache.coyote.AbstractProtocol.destroy Destroying ProtocolHandler ["ajp-nio-8009"]
