/*C7*/SET SCHEMA PUBLIC
CONNECT USER SA
DISCONNECT
/*C8*/SET SCHEMA PUBLIC
CONNECT USER SA
DISCONNECT
/*C9*/SET SCHEMA PUBLIC
CONNECT USER SA
SET AUTOCOMMIT FALSE
DISCONNECT
/*C10*/SET SCHEMA PUBLIC
CONNECT USER SA
SET AUTOCOMMIT FALSE
DISCONNECT
/*C11*/SET SCHEMA PUBLIC
CONNECT USER SA
SET AUTOCOMMIT FALSE
DISCONNECT
/*C12*/SET SCHEMA PUBLIC
CONNECT USER SA
SET AUTOCOMMIT FALSE
DELETE FROM JFORUM_TOPICS WHERE TOPIC_ID=1
INSERT INTO JFORUM_TOPICS VALUES(1,1,'Welcome to JForum',2,'2017-06-13 19:38:54.144000000',2,0,0,0,0,1,1,0,0)
COMMIT
DISCONNECT
/*C13*/SET SCHEMA PUBLIC
CONNECT USER SA
SET AUTOCOMMIT FALSE
DISCONNECT
/*C14*/SET SCHEMA PUBLIC
CONNECT USER SA
SET AUTOCOMMIT FALSE
DISCONNECT
/*C15*/SET SCHEMA PUBLIC
CONNECT USER SA
SET AUTOCOMMIT FALSE
DISCONNECT
